<?xml version="1.0" encoding="UTF-8"?>
<testng-results total="3" passed="3" failed="0" skipped="0">
  <reporter-output>
  </reporter-output>
  <suite started-at="2022-07-18T10:53:33Z" name="Suite" finished-at="2022-07-18T10:53:33Z" duration-ms="36">
    <groups>
    </groups>
    <test started-at="2022-07-18T10:53:33Z" name="Test" finished-at="2022-07-18T10:53:33Z" duration-ms="36">
      <class name="com.Example.Test.ExampleScript2Test">
        <test-method signature="Ex2Test1()[pri:0, instance:com.Example.Test.ExampleScript2Test@79dc5318]" started-at="2022-07-18T16:23:33Z" name="Ex2Test1" finished-at="2022-07-18T16:23:33Z" duration-ms="14" status="PASS">
          <reporter-output>
          </reporter-output>
        </test-method> <!-- Ex2Test1 -->
      </class> <!-- com.Example.Test.ExampleScript2Test -->
      <class name="com.Example.Test.ExampleScript3Test">
        <test-method signature="Ex3Test1()[pri:0, instance:com.Example.Test.ExampleScript3Test@54eb2b70]" started-at="2022-07-18T16:23:33Z" name="Ex3Test1" finished-at="2022-07-18T16:23:33Z" duration-ms="1" status="PASS">
          <reporter-output>
          </reporter-output>
        </test-method> <!-- Ex3Test1 -->
      </class> <!-- com.Example.Test.ExampleScript3Test -->
      <class name="com.Example.Test.ExampleScript1Test">
        <test-method signature="ExampleTest1()[pri:0, instance:com.Example.Test.ExampleScript1Test@74a6f9c1]" started-at="2022-07-18T16:23:33Z" name="ExampleTest1" finished-at="2022-07-18T16:23:33Z" duration-ms="1" status="PASS">
          <reporter-output>
          </reporter-output>
        </test-method> <!-- ExampleTest1 -->
      </class> <!-- com.Example.Test.ExampleScript1Test -->
    </test> <!-- Test -->
  </suite> <!-- Suite -->
</testng-results>
