<?xml version="1.0" encoding="UTF-8"?>
<!-- Generated by org.testng.reporters.JUnitXMLReporter -->
<testsuite hostname="LAPTOP-CF032BAC" failures="0" tests="3" name="Test" time="0.036" errors="0" timestamp="18 Jul 2022 10:53:33 GMT">
  <testcase classname="com.Example.Test.ExampleScript2Test" name="Ex2Test1" time="0.014"/>
  <testcase classname="com.Example.Test.ExampleScript1Test" name="ExampleTest1" time="0.001"/>
  <testcase classname="com.Example.Test.ExampleScript3Test" name="Ex3Test1" time="0.001"/>
</testsuite> <!-- Test -->
